2019-07-07T20:26:14+00:00 Claras-MBP#01 I: Start test suite:0:int.
2019-07-07T20:26:14+00:00 Claras-MBP#01 I: Test suite:0:int is successful.
2019-07-07T20:26:14+00:00 Claras-MBP#01 I: End test suite:0:int.
2019-07-07T20:26:14+00:00 Claras-MBP#01 I: Start test suite:2:adds.
2019-07-07T20:26:14+00:00 Claras-MBP#01 E: Test suite:2:adds exited with an error.
2019-07-07T20:26:14+00:00 Claras-MBP#01 E: Failure("lexing: empty token") in test suite:2:adds.
2019-07-07T20:26:14+00:00 Claras-MBP#01 E: Raised by primitive operation at unknown location
2019-07-07T20:26:14+00:00 Claras-MBP#01 E: Called from unknown location
2019-07-07T20:26:14+00:00 Claras-MBP#01 E: Called from unknown location
2019-07-07T20:26:14+00:00 Claras-MBP#01 E: Called from unknown location
2019-07-07T20:26:14+00:00 Claras-MBP#01 E: Called from unknown location
2019-07-07T20:26:14+00:00 Claras-MBP#01 E: Called from unknown location
2019-07-07T20:26:14+00:00 Claras-MBP#01 E: Called from unknown location
2019-07-07T20:26:14+00:00 Claras-MBP#01 E: 
2019-07-07T20:26:14+00:00 Claras-MBP#01 I: End test suite:2:adds.
2019-07-07T20:26:14+00:00 Claras-MBP#01 I: Start test suite:4:lets.
2019-07-07T20:26:14+00:00 Claras-MBP#01 E: Test suite:4:lets exited with an error.
2019-07-07T20:26:14+00:00 Claras-MBP#01 E: Tiger_parser.MenhirBasics.Error in test suite:4:lets.
2019-07-07T20:26:14+00:00 Claras-MBP#01 E: Called from unknown location
2019-07-07T20:26:14+00:00 Claras-MBP#01 E: Called from unknown location
2019-07-07T20:26:14+00:00 Claras-MBP#01 E: Called from unknown location
2019-07-07T20:26:14+00:00 Claras-MBP#01 E: 
2019-07-07T20:26:14+00:00 Claras-MBP#01 I: End test suite:4:lets.
