2019-07-07T20:26:14+00:00 Claras-MBP#00 I: Runner: processes
2019-07-07T20:26:14+00:00 Claras-MBP#00 I: Chooser: simple
2019-07-07T20:26:14+00:00 Claras-MBP#00 I: Configuration suite_name = "suite"
2019-07-07T20:26:14+00:00 Claras-MBP#00 I: Configuration cache_filename = "/Users/clarafairbanks/Desktop/interpreter/tiger_interpretor/_build/oUnit-$(suite_name).cache"
2019-07-07T20:26:14+00:00 Claras-MBP#00 I: Configuration display = "true"
2019-07-07T20:26:14+00:00 Claras-MBP#00 I: Configuration results_style_1_X = "false"
2019-07-07T20:26:14+00:00 Claras-MBP#00 I: Configuration verbose = "false"
2019-07-07T20:26:14+00:00 Claras-MBP#00 I: Configuration health_check_interval = "1."
2019-07-07T20:26:14+00:00 Claras-MBP#00 I: Configuration testdata_dir = "none"
2019-07-07T20:26:14+00:00 Claras-MBP#00 I: Configuration chooser = "simple"
2019-07-07T20:26:14+00:00 Claras-MBP#00 I: Configuration output_html_dir = "none"
2019-07-07T20:26:14+00:00 Claras-MBP#00 I: Configuration processes_kill_period = "5."
2019-07-07T20:26:14+00:00 Claras-MBP#00 I: Configuration runner = "processes"
2019-07-07T20:26:14+00:00 Claras-MBP#00 I: Configuration shards = "2"
2019-07-07T20:26:14+00:00 Claras-MBP#00 I: Configuration processes_grace_period = "5."
2019-07-07T20:26:14+00:00 Claras-MBP#00 I: Configuration log_encoding = "utf-8"
2019-07-07T20:26:14+00:00 Claras-MBP#00 I: Configuration output_junit_file = "none"
2019-07-07T20:26:14+00:00 Claras-MBP#00 I: Configuration output_file = "/Users/clarafairbanks/Desktop/interpreter/tiger_interpretor/_build/oUnit-$(suite_name)-$(shard_id).log"
2019-07-07T20:26:14+00:00 Claras-MBP#00 I: Using 2 workers maximum.
2019-07-07T20:26:14+00:00 Claras-MBP#00 I: Starting worker number Claras-MBP#01.
2019-07-07T20:26:14+00:00 Claras-MBP#00 I: Worker Claras-MBP#01 started.
2019-07-07T20:26:14+00:00 Claras-MBP#00 I: Starting worker number Claras-MBP#02.
2019-07-07T20:26:14+00:00 Claras-MBP#00 I: Worker Claras-MBP#02 started.
2019-07-07T20:26:14+00:00 Claras-MBP#00 I: 2 tests running: suite:1:add, suite:0:int.
2019-07-07T20:26:14+00:00 Claras-MBP#01 I: Start test suite:0:int.
2019-07-07T20:26:14+00:00 Claras-MBP#00 I: 2 tests running: suite:1:add, suite:0:int.
2019-07-07T20:26:14+00:00 Claras-MBP#02 I: Start test suite:1:add.
2019-07-07T20:26:14+00:00 Claras-MBP#00 I: 2 tests running: suite:1:add, suite:0:int.
2019-07-07T20:26:14+00:00 Claras-MBP#01 I: Test suite:0:int is successful.
2019-07-07T20:26:14+00:00 Claras-MBP#00 I: 2 tests running: suite:1:add, suite:0:int.
2019-07-07T20:26:14+00:00 Claras-MBP#01 I: End test suite:0:int.
2019-07-07T20:26:14+00:00 Claras-MBP#00 I: 2 tests running: suite:1:add, suite:0:int.
2019-07-07T20:26:14+00:00 Claras-MBP#00 I: 2 tests running: suite:2:adds, suite:1:add.
2019-07-07T20:26:14+00:00 Claras-MBP#02 I: Test suite:1:add is successful.
2019-07-07T20:26:14+00:00 Claras-MBP#00 I: 2 tests running: suite:2:adds, suite:1:add.
2019-07-07T20:26:14+00:00 Claras-MBP#02 I: End test suite:1:add.
2019-07-07T20:26:14+00:00 Claras-MBP#01 I: Start test suite:2:adds.
2019-07-07T20:26:14+00:00 Claras-MBP#00 I: 2 tests running: suite:2:adds, suite:1:add.
2019-07-07T20:26:14+00:00 Claras-MBP#00 I: 2 tests running: suite:3:let, suite:2:adds.
2019-07-07T20:26:14+00:00 Claras-MBP#02 I: Start test suite:3:let.
2019-07-07T20:26:14+00:00 Claras-MBP#00 I: 2 tests running: suite:3:let, suite:2:adds.
2019-07-07T20:26:14+00:00 Claras-MBP#01 E: Test suite:2:adds exited with an error.
2019-07-07T20:26:14+00:00 Claras-MBP#01 E: Failure("lexing: empty token") in test suite:2:adds.
2019-07-07T20:26:14+00:00 Claras-MBP#01 E: Raised by primitive operation at unknown location
2019-07-07T20:26:14+00:00 Claras-MBP#01 E: Called from unknown location
2019-07-07T20:26:14+00:00 Claras-MBP#01 E: Called from unknown location
2019-07-07T20:26:14+00:00 Claras-MBP#01 E: Called from unknown location
2019-07-07T20:26:14+00:00 Claras-MBP#01 E: Called from unknown location
2019-07-07T20:26:14+00:00 Claras-MBP#01 E: Called from unknown location
2019-07-07T20:26:14+00:00 Claras-MBP#01 E: Called from unknown location
2019-07-07T20:26:14+00:00 Claras-MBP#01 E: 
2019-07-07T20:26:14+00:00 Claras-MBP#00 I: 2 tests running: suite:3:let, suite:2:adds.
2019-07-07T20:26:14+00:00 Claras-MBP#01 I: End test suite:2:adds.
2019-07-07T20:26:14+00:00 Claras-MBP#00 I: 2 tests running: suite:3:let, suite:2:adds.
2019-07-07T20:26:14+00:00 Claras-MBP#02 E: Test suite:3:let exited with an error.
2019-07-07T20:26:14+00:00 Claras-MBP#02 E: Tiger_parser.MenhirBasics.Error in test suite:3:let.
2019-07-07T20:26:14+00:00 Claras-MBP#02 E: Called from unknown location
2019-07-07T20:26:14+00:00 Claras-MBP#02 E: Called from unknown location
2019-07-07T20:26:14+00:00 Claras-MBP#02 E: Called from unknown location
2019-07-07T20:26:14+00:00 Claras-MBP#02 E: 
2019-07-07T20:26:14+00:00 Claras-MBP#00 I: Still 2 tests running : suite:4:lets, suite:3:let.
2019-07-07T20:26:14+00:00 Claras-MBP#00 I: 2 tests running: suite:4:lets, suite:3:let.
2019-07-07T20:26:14+00:00 Claras-MBP#02 I: End test suite:3:let.
2019-07-07T20:26:14+00:00 Claras-MBP#01 I: Start test suite:4:lets.
2019-07-07T20:26:14+00:00 Claras-MBP#00 I: Still 2 tests running : suite:4:lets, suite:3:let.
2019-07-07T20:26:14+00:00 Claras-MBP#00 I: 2 tests running: suite:4:lets, suite:3:let.
2019-07-07T20:26:14+00:00 Claras-MBP#01 E: Test suite:4:lets exited with an error.
2019-07-07T20:26:14+00:00 Claras-MBP#01 E: Tiger_parser.MenhirBasics.Error in test suite:4:lets.
2019-07-07T20:26:14+00:00 Claras-MBP#01 E: Called from unknown location
2019-07-07T20:26:14+00:00 Claras-MBP#01 E: Called from unknown location
2019-07-07T20:26:14+00:00 Claras-MBP#01 E: Called from unknown location
2019-07-07T20:26:14+00:00 Claras-MBP#01 E: 
2019-07-07T20:26:14+00:00 Claras-MBP#00 I: Still 1 tests running : suite:4:lets.
2019-07-07T20:26:14+00:00 Claras-MBP#00 I: 1 tests running: suite:4:lets.
2019-07-07T20:26:14+00:00 Claras-MBP#01 I: End test suite:4:lets.
2019-07-07T20:26:14+00:00 Claras-MBP#00 I: Still 1 tests running : suite:4:lets.
2019-07-07T20:26:14+00:00 Claras-MBP#00 I: 1 tests running: suite:4:lets.
2019-07-07T20:26:14+00:00 Claras-MBP#00 I: 0 tests running: .
2019-07-07T20:26:14+00:00 Claras-MBP#00 I: Worker Claras-MBP#02 has ended.
2019-07-07T20:26:14+00:00 Claras-MBP#00 I: Worker Claras-MBP#01 has ended.
2019-07-07T20:26:14+00:00 Claras-MBP#00 I: Used 2 worker during test execution.
2019-07-07T20:26:14+00:00 Claras-MBP#00 I: Run 2 tests with shard Claras-MBP#02.
2019-07-07T20:26:14+00:00 Claras-MBP#00 I: Run 3 tests with shard Claras-MBP#01.
2019-07-07T20:26:14+00:00 Claras-MBP#00 I: ==============
2019-07-07T20:26:14+00:00 Claras-MBP#00 I: Summary:
2019-07-07T20:26:14+00:00 Claras-MBP#00 E: Test suite:4:lets exited with an error.
2019-07-07T20:26:14+00:00 Claras-MBP#00 E: Tiger_parser.MenhirBasics.Error in test suite:4:lets.
2019-07-07T20:26:14+00:00 Claras-MBP#00 E: Called from unknown location
2019-07-07T20:26:14+00:00 Claras-MBP#00 E: Called from unknown location
2019-07-07T20:26:14+00:00 Claras-MBP#00 E: Called from unknown location
2019-07-07T20:26:14+00:00 Claras-MBP#00 E: 
2019-07-07T20:26:14+00:00 Claras-MBP#00 E: Test suite:3:let exited with an error.
2019-07-07T20:26:14+00:00 Claras-MBP#00 E: Tiger_parser.MenhirBasics.Error in test suite:3:let.
2019-07-07T20:26:14+00:00 Claras-MBP#00 E: Called from unknown location
2019-07-07T20:26:14+00:00 Claras-MBP#00 E: Called from unknown location
2019-07-07T20:26:14+00:00 Claras-MBP#00 E: Called from unknown location
2019-07-07T20:26:14+00:00 Claras-MBP#00 E: 
2019-07-07T20:26:14+00:00 Claras-MBP#00 E: Test suite:2:adds exited with an error.
2019-07-07T20:26:14+00:00 Claras-MBP#00 E: Failure("lexing: empty token") in test suite:2:adds.
2019-07-07T20:26:14+00:00 Claras-MBP#00 E: Raised by primitive operation at unknown location
2019-07-07T20:26:14+00:00 Claras-MBP#00 E: Called from unknown location
2019-07-07T20:26:14+00:00 Claras-MBP#00 E: Called from unknown location
2019-07-07T20:26:14+00:00 Claras-MBP#00 E: Called from unknown location
2019-07-07T20:26:14+00:00 Claras-MBP#00 E: Called from unknown location
2019-07-07T20:26:14+00:00 Claras-MBP#00 E: Called from unknown location
2019-07-07T20:26:14+00:00 Claras-MBP#00 E: Called from unknown location
2019-07-07T20:26:14+00:00 Claras-MBP#00 E: 
2019-07-07T20:26:14+00:00 Claras-MBP#00 I: Test suite:1:add is successful.
2019-07-07T20:26:14+00:00 Claras-MBP#00 I: Test suite:0:int is successful.
2019-07-07T20:26:14+00:00 Claras-MBP#00 I: Ran: 5 tests in: 0.11 seconds.
2019-07-07T20:26:14+00:00 Claras-MBP#00 I: Cases: 5.
2019-07-07T20:26:14+00:00 Claras-MBP#00 I: Tried: 5.
2019-07-07T20:26:14+00:00 Claras-MBP#00 I: Errors: 3.
2019-07-07T20:26:14+00:00 Claras-MBP#00 I: Failures: 0.
2019-07-07T20:26:14+00:00 Claras-MBP#00 I: Skip: 0.
2019-07-07T20:26:14+00:00 Claras-MBP#00 I: Todo: 0.
2019-07-07T20:26:14+00:00 Claras-MBP#00 I: Timeout: 0.
